[ 50%] Built target odom_velocity_filter
[ 75%] [32mBuilding CXX object CMakeFiles/yhs_can_control_node.dir/src/yhs_can_control_node.cpp.o[0m
In file included from [01m[K/home/nvidia/5.1-ros2_ws/src/MK-mini-ros2/yhs_can_control/src/yhs_can_control_node.cpp:1[m[K:
[01m[K/home/nvidia/5.1-ros2_ws/src/MK-mini-ros2/yhs_can_control/include/yhs_can_control/yhs_can_control_node.hpp:31:43:[m[K [01;35m[Kwarning: [m[Kextra tokens at end of #include directive
   31 | #include "tf2_ros/transform_broadcaster.h"[01;35m[K#[m[Kæ–°å¢
      |                                           [01;35m[K^[m[K
[01m[K/home/nvidia/5.1-ros2_ws/src/MK-mini-ros2/yhs_can_control/src/yhs_can_control_node.cpp:[m[K In constructor â€˜[01m[Kyhs::CanControl::CanControl(rclcpp::Node::SharedPtr)[m[Kâ€™:
[01m[K/home/nvidia/5.1-ros2_ws/src/MK-mini-ros2/yhs_can_control/src/yhs_can_control_node.cpp:35:41:[m[K [01;31m[Kerror: [m[Kâ€˜[01m[Kimu_callback[m[Kâ€™ is not a member of â€˜[01m[Kyhs::CanControl[m[Kâ€™
   35 |                  std::bind(&CanControl::[01;31m[Kimu_callback[m[K, this, std::placeholders::_1)
      |                                         [01;31m[K^~~~~~~~~~~~[m[K
[01m[K/home/nvidia/5.1-ros2_ws/src/MK-mini-ros2/yhs_can_control/src/yhs_can_control_node.cpp:12:24:[m[K [01;35m[Kwarning: [m[Kunused variable â€˜[01m[Kimu_yaw_[m[Kâ€™ [[01;35m[K]8;;https://gcc.gnu.org/onlinedocs/gcc/Warning-Options.html#index-Wunused-variable-Wunused-variable]8;;[m[K]
   12 |                 double [01;35m[Kimu_yaw_[m[K;  // å­˜å‚¨IMUè§£æå‡ºçš„èˆªå‘è§’ï¼ˆå¼§åº¦ï¼‰
      |                        [01;35m[K^~~~~~~~[m[K
[01m[K/home/nvidia/5.1-ros2_ws/src/MK-mini-ros2/yhs_can_control/src/yhs_can_control_node.cpp:[m[K At global scope:
[01m[K/home/nvidia/5.1-ros2_ws/src/MK-mini-ros2/yhs_can_control/src/yhs_can_control_node.cpp:38:15:[m[K [01;31m[Kerror: [m[Kno declaration matches â€˜[01m[Kvoid yhs::CanControl::imu_callback(sensor_msgs::msg::Imu_<std::allocator<void> >::SharedPtr)[m[Kâ€™
   38 |          void [01;31m[KCanControl[m[K::imu_callback(const sensor_msgs::msg::Imu::SharedPtr msg)
      |               [01;31m[K^~~~~~~~~~[m[K
[01m[K/home/nvidia/5.1-ros2_ws/src/MK-mini-ros2/yhs_can_control/src/yhs_can_control_node.cpp:38:15:[m[K [01;36m[Knote: [m[Kno functions named â€˜[01m[Kvoid yhs::CanControl::imu_callback(sensor_msgs::msg::Imu_<std::allocator<void> >::SharedPtr)[m[Kâ€™
In file included from [01m[K/home/nvidia/5.1-ros2_ws/src/MK-mini-ros2/yhs_can_control/src/yhs_can_control_node.cpp:1[m[K:
[01m[K/home/nvidia/5.1-ros2_ws/src/MK-mini-ros2/yhs_can_control/include/yhs_can_control/yhs_can_control_node.hpp:33:7:[m[K [01;36m[Knote: [m[Kâ€˜[01m[Kclass yhs::CanControl[m[Kâ€™ defined here
   33 | class [01;36m[KCanControl[m[K
      |       [01;36m[K^~~~~~~~~~[m[K
[01m[K/home/nvidia/5.1-ros2_ws/src/MK-mini-ros2/yhs_can_control/src/yhs_can_control_node.cpp:[m[K In member function â€˜[01m[Kvoid yhs::CanControl::publish_odom(double, double)[m[Kâ€™:
[01m[K/home/nvidia/5.1-ros2_ws/src/MK-mini-ros2/yhs_can_control/src/yhs_can_control_node.cpp:407:26:[m[K [01;31m[Kerror: [m[Kâ€˜[01m[Kimu_yaw_[m[Kâ€™ was not declared in this scope
  407 |                 theta_ = [01;31m[Kimu_yaw_[m[K;  // ç›´æ¥ä½¿ç”¨IMUè§£æçš„èˆªå‘è§’;
      |                          [01;31m[K^~~~~~~~[m[K
gmake[2]: *** [CMakeFiles/yhs_can_control_node.dir/build.make:76ï¼šCMakeFiles/yhs_can_control_node.dir/src/yhs_can_control_node.cpp.o] é”™è¯¯ 1
gmake[1]: *** [CMakeFiles/Makefile2:139ï¼šCMakeFiles/yhs_can_control_node.dir/all] é”™è¯¯ 2
gmake: *** [Makefile:146ï¼šall] é”™è¯¯ 2
