[0.007s] Invoking command in '/home/nvidia/5.1-ros2_ws/build/yhs_can_control': CMAKE_PREFIX_PATH=/home/nvidia/5.1-ros2_ws/install/yhs_can_interfaces:/home/nvidia/5.1-ros2_ws/install/yhs_can_control:/home/nvidia/ros2_ws/install/yhs_chassis_description:/home/nvidia/ros2_ws/install/ai_imu_dr_ros:/opt/ros/humble /usr/bin/cmake --build /home/nvidia/5.1-ros2_ws/build/yhs_can_control -- -j20 -l20
[0.049s] [ 50%] Built target odom_velocity_filter
[0.051s] [ 75%] [32mBuilding CXX object CMakeFiles/yhs_can_control_node.dir/src/yhs_can_control_node.cpp.o[0m
[0.196s] In file included from [01m[K/home/nvidia/5.1-ros2_ws/src/MK-mini-ros2/yhs_can_control/src/yhs_can_control_node.cpp:1[m[K:
[0.196s] [01m[K/home/nvidia/5.1-ros2_ws/src/MK-mini-ros2/yhs_can_control/include/yhs_can_control/yhs_can_control_node.hpp:31:43:[m[K [01;35m[Kwarning: [m[Kextra tokens at end of #include directive
[0.196s]    31 | #include "tf2_ros/transform_broadcaster.h"[01;35m[K#[m[KÊñ∞Â¢û
[0.196s]       |                                           [01;35m[K^[m[K
[1.621s] [01m[K/home/nvidia/5.1-ros2_ws/src/MK-mini-ros2/yhs_can_control/src/yhs_can_control_node.cpp:[m[K In constructor ‚Äò[01m[Kyhs::CanControl::CanControl(rclcpp::Node::SharedPtr)[m[K‚Äô:
[1.621s] [01m[K/home/nvidia/5.1-ros2_ws/src/MK-mini-ros2/yhs_can_control/src/yhs_can_control_node.cpp:35:41:[m[K [01;31m[Kerror: [m[K‚Äò[01m[Kimu_callback[m[K‚Äô is not a member of ‚Äò[01m[Kyhs::CanControl[m[K‚Äô
[1.621s]    35 |                  std::bind(&CanControl::[01;31m[Kimu_callback[m[K, this, std::placeholders::_1)
[1.621s]       |                                         [01;31m[K^~~~~~~~~~~~[m[K
[1.621s] [01m[K/home/nvidia/5.1-ros2_ws/src/MK-mini-ros2/yhs_can_control/src/yhs_can_control_node.cpp:12:24:[m[K [01;35m[Kwarning: [m[Kunused variable ‚Äò[01m[Kimu_yaw_[m[K‚Äô [[01;35m[K]8;;https://gcc.gnu.org/onlinedocs/gcc/Warning-Options.html#index-Wunused-variable-Wunused-variable]8;;[m[K]
[1.621s]    12 |                 double [01;35m[Kimu_yaw_[m[K;  // Â≠òÂÇ®IMUËß£ÊûêÂá∫ÁöÑËà™ÂêëËßíÔºàÂºßÂ∫¶Ôºâ
[1.621s]       |                        [01;35m[K^~~~~~~~[m[K
[1.621s] [01m[K/home/nvidia/5.1-ros2_ws/src/MK-mini-ros2/yhs_can_control/src/yhs_can_control_node.cpp:[m[K At global scope:
[1.621s] [01m[K/home/nvidia/5.1-ros2_ws/src/MK-mini-ros2/yhs_can_control/src/yhs_can_control_node.cpp:38:15:[m[K [01;31m[Kerror: [m[Kno declaration matches ‚Äò[01m[Kvoid yhs::CanControl::imu_callback(sensor_msgs::msg::Imu_<std::allocator<void> >::SharedPtr)[m[K‚Äô
[1.621s]    38 |          void [01;31m[KCanControl[m[K::imu_callback(const sensor_msgs::msg::Imu::SharedPtr msg)
[1.621s]       |               [01;31m[K^~~~~~~~~~[m[K
[1.621s] [01m[K/home/nvidia/5.1-ros2_ws/src/MK-mini-ros2/yhs_can_control/src/yhs_can_control_node.cpp:38:15:[m[K [01;36m[Knote: [m[Kno functions named ‚Äò[01m[Kvoid yhs::CanControl::imu_callback(sensor_msgs::msg::Imu_<std::allocator<void> >::SharedPtr)[m[K‚Äô
[1.621s] In file included from [01m[K/home/nvidia/5.1-ros2_ws/src/MK-mini-ros2/yhs_can_control/src/yhs_can_control_node.cpp:1[m[K:
[1.621s] [01m[K/home/nvidia/5.1-ros2_ws/src/MK-mini-ros2/yhs_can_control/include/yhs_can_control/yhs_can_control_node.hpp:33:7:[m[K [01;36m[Knote: [m[K‚Äò[01m[Kclass yhs::CanControl[m[K‚Äô defined here
[1.621s]    33 | class [01;36m[KCanControl[m[K
[1.621s]       |       [01;36m[K^~~~~~~~~~[m[K
[1.636s] [01m[K/home/nvidia/5.1-ros2_ws/src/MK-mini-ros2/yhs_can_control/src/yhs_can_control_node.cpp:[m[K In member function ‚Äò[01m[Kvoid yhs::CanControl::publish_odom(double, double)[m[K‚Äô:
[1.636s] [01m[K/home/nvidia/5.1-ros2_ws/src/MK-mini-ros2/yhs_can_control/src/yhs_can_control_node.cpp:407:26:[m[K [01;31m[Kerror: [m[K‚Äò[01m[Kimu_yaw_[m[K‚Äô was not declared in this scope
[1.636s]   407 |                 theta_ = [01;31m[Kimu_yaw_[m[K;  // Áõ¥Êé•‰ΩøÁî®IMUËß£ÊûêÁöÑËà™ÂêëËßí;
[1.636s]       |                          [01;31m[K^~~~~~~~[m[K
[3.737s] gmake[2]: *** [CMakeFiles/yhs_can_control_node.dir/build.make:76ÔºöCMakeFiles/yhs_can_control_node.dir/src/yhs_can_control_node.cpp.o] ÈîôËØØ 1
[3.737s] gmake[1]: *** [CMakeFiles/Makefile2:139ÔºöCMakeFiles/yhs_can_control_node.dir/all] ÈîôËØØ 2
[3.737s] gmake: *** [Makefile:146Ôºöall] ÈîôËØØ 2
[3.739s] Invoked command in '/home/nvidia/5.1-ros2_ws/build/yhs_can_control' returned '2': CMAKE_PREFIX_PATH=/home/nvidia/5.1-ros2_ws/install/yhs_can_interfaces:/home/nvidia/5.1-ros2_ws/install/yhs_can_control:/home/nvidia/ros2_ws/install/yhs_chassis_description:/home/nvidia/ros2_ws/install/ai_imu_dr_ros:/opt/ros/humble /usr/bin/cmake --build /home/nvidia/5.1-ros2_ws/build/yhs_can_control -- -j20 -l20
