[01m[K/home/nvidia/wheeltec_imu_ws/src/fdilink_ahrs/src/pose_velocity_printer.cpp:[m[K In function â€˜[01m[Kint main(int, char**)[m[Kâ€™:
[01m[K/home/nvidia/wheeltec_imu_ws/src/fdilink_ahrs/src/pose_velocity_printer.cpp:82:66:[m[K [01;31m[Kerror: [m[Kexpected unqualified-id before â€˜[01m[K&[m[Kâ€™ token
   82 |     } catch (const rclcpp::exceptions::ShutdownRequestedException[01;31m[K&[m[K e) {
      |                                                                  [01;31m[K^[m[K
[01m[K/home/nvidia/wheeltec_imu_ws/src/fdilink_ahrs/src/pose_velocity_printer.cpp:82:66:[m[K [01;31m[Kerror: [m[Kexpected â€˜[01m[K)[m[Kâ€™ before â€˜[01m[K&[m[Kâ€™ token
   82 |     } catch [34m[K([m[Kconst rclcpp::exceptions::ShutdownRequestedException[01;31m[K&[m[K e) {
      |             [34m[K~[m[K                                                    [01;31m[K^[m[K
      |                                                                  [32m[K)[m[K
[01m[K/home/nvidia/wheeltec_imu_ws/src/fdilink_ahrs/src/pose_velocity_printer.cpp:82:66:[m[K [01;31m[Kerror: [m[Kexpected â€˜[01m[K{[m[Kâ€™ before â€˜[01m[K&[m[Kâ€™ token
[01m[K/home/nvidia/wheeltec_imu_ws/src/fdilink_ahrs/src/pose_velocity_printer.cpp:82:68:[m[K [01;31m[Kerror: [m[Kâ€˜[01m[Ke[m[Kâ€™ was not declared in this scope
   82 |     } catch (const rclcpp::exceptions::ShutdownRequestedException& [01;31m[Ke[m[K) {
      |                                                                    [01;31m[K^[m[K
gmake[2]: *** [CMakeFiles/pose_velocity_printer.dir/build.make:76ï¼šCMakeFiles/pose_velocity_printer.dir/src/pose_velocity_printer.cpp.o] é”™è¯¯ 1
gmake[1]: *** [CMakeFiles/Makefile2:141ï¼šCMakeFiles/pose_velocity_printer.dir/all] é”™è¯¯ 2
gmake: *** [Makefile:146ï¼šall] é”™è¯¯ 2
