[0.007s] Invoking command in '/home/nvidia/wheeltec_imu_ws/build/fdilink_ahrs': CMAKE_PREFIX_PATH=${CMAKE_PREFIX_PATH}:/opt/ros/humble /usr/bin/cmake --build /home/nvidia/wheeltec_imu_ws/build/fdilink_ahrs -- -j20 -l20
[0.042s] [35m[1mConsolidate compiler generated dependencies of target pose_velocity_printer[0m
[0.050s] [ 42%] Built target ahrs_driver_node
[0.051s] [ 71%] Built target imu_tf_node
[0.059s] [ 85%] [32mBuilding CXX object CMakeFiles/pose_velocity_printer.dir/src/pose_velocity_printer.cpp.o[0m
[1.376s] [01m[K/home/nvidia/wheeltec_imu_ws/src/fdilink_ahrs/src/pose_velocity_printer.cpp:[m[K In function â€˜[01m[Kint main(int, char**)[m[Kâ€™:
[1.376s] [01m[K/home/nvidia/wheeltec_imu_ws/src/fdilink_ahrs/src/pose_velocity_printer.cpp:82:66:[m[K [01;31m[Kerror: [m[Kexpected unqualified-id before â€˜[01m[K&[m[Kâ€™ token
[1.376s]    82 |     } catch (const rclcpp::exceptions::ShutdownRequestedException[01;31m[K&[m[K e) {
[1.376s]       |                                                                  [01;31m[K^[m[K
[1.377s] [01m[K/home/nvidia/wheeltec_imu_ws/src/fdilink_ahrs/src/pose_velocity_printer.cpp:82:66:[m[K [01;31m[Kerror: [m[Kexpected â€˜[01m[K)[m[Kâ€™ before â€˜[01m[K&[m[Kâ€™ token
[1.377s]    82 |     } catch [34m[K([m[Kconst rclcpp::exceptions::ShutdownRequestedException[01;31m[K&[m[K e) {
[1.377s]       |             [34m[K~[m[K                                                    [01;31m[K^[m[K
[1.377s]       |                                                                  [32m[K)[m[K
[1.377s] [01m[K/home/nvidia/wheeltec_imu_ws/src/fdilink_ahrs/src/pose_velocity_printer.cpp:82:66:[m[K [01;31m[Kerror: [m[Kexpected â€˜[01m[K{[m[Kâ€™ before â€˜[01m[K&[m[Kâ€™ token
[1.378s] [01m[K/home/nvidia/wheeltec_imu_ws/src/fdilink_ahrs/src/pose_velocity_printer.cpp:82:68:[m[K [01;31m[Kerror: [m[Kâ€˜[01m[Ke[m[Kâ€™ was not declared in this scope
[1.378s]    82 |     } catch (const rclcpp::exceptions::ShutdownRequestedException& [01;31m[Ke[m[K) {
[1.378s]       |                                                                    [01;31m[K^[m[K
[3.098s] gmake[2]: *** [CMakeFiles/pose_velocity_printer.dir/build.make:76ï¼šCMakeFiles/pose_velocity_printer.dir/src/pose_velocity_printer.cpp.o] é”™è¯¯ 1
[3.098s] gmake[1]: *** [CMakeFiles/Makefile2:141ï¼šCMakeFiles/pose_velocity_printer.dir/all] é”™è¯¯ 2
[3.098s] gmake: *** [Makefile:146ï¼šall] é”™è¯¯ 2
[3.101s] Invoked command in '/home/nvidia/wheeltec_imu_ws/build/fdilink_ahrs' returned '2': CMAKE_PREFIX_PATH=${CMAKE_PREFIX_PATH}:/opt/ros/humble /usr/bin/cmake --build /home/nvidia/wheeltec_imu_ws/build/fdilink_ahrs -- -j20 -l20
