[0.009s] Invoking command in '/home/nvidia/wheeltec_imu_ws/build/fdilink_ahrs': /usr/bin/cmake --build /home/nvidia/wheeltec_imu_ws/build/fdilink_ahrs -- -j20 -l20
[0.029s] -- Found rclcpp: 16.0.15 (/opt/ros/humble/share/rclcpp/cmake)
[0.135s] -- Found rosidl_generator_c: 3.1.7 (/opt/ros/humble/share/rosidl_generator_c/cmake)
[0.136s] -- Found rosidl_adapter: 3.1.7 (/opt/ros/humble/share/rosidl_adapter/cmake)
[0.139s] -- Found rosidl_generator_cpp: 3.1.7 (/opt/ros/humble/share/rosidl_generator_cpp/cmake)
[0.145s] -- Using all available rosidl_typesupport_c: rosidl_typesupport_fastrtps_c;rosidl_typesupport_introspection_c
[0.152s] -- Using all available rosidl_typesupport_cpp: rosidl_typesupport_fastrtps_cpp;rosidl_typesupport_introspection_cpp
[0.172s] -- Found rmw_implementation_cmake: 6.1.2 (/opt/ros/humble/share/rmw_implementation_cmake/cmake)
[0.173s] -- Found rmw_fastrtps_cpp: 6.2.8 (/opt/ros/humble/share/rmw_fastrtps_cpp/cmake)
[0.236s] -- Using RMW implementation 'rmw_fastrtps_cpp' as default
[0.265s] -- Found nav_msgs: 4.9.0 (/opt/ros/humble/share/nav_msgs/cmake)
[0.283s] -- Found rclpy: 3.3.17 (/opt/ros/humble/share/rclpy/cmake)
[0.283s] -- Found sensor_msgs: 4.9.0 (/opt/ros/humble/share/sensor_msgs/cmake)
[0.293s] -- Found tf2: 0.25.16 (/opt/ros/humble/share/tf2/cmake)
[0.296s] -- Found tf2_ros: 0.25.16 (/opt/ros/humble/share/tf2_ros/cmake)
[0.342s] -- Found serial: 1.2.1 (/home/nvidia/wheeltec_imu_ws/install/serial/share/serial/cmake)
[0.343s] -- Found tf2_geometry_msgs: 0.25.16 (/opt/ros/humble/share/tf2_geometry_msgs/cmake)
[0.345s] -- Found eigen3_cmake_module: 0.1.1 (/opt/ros/humble/share/eigen3_cmake_module/cmake)
[0.346s] -- Ensuring Eigen3 include directory is part of orocos-kdl CMake target
[0.347s] -- Found ament_lint_auto: 0.12.14 (/opt/ros/humble/share/ament_lint_auto/cmake)
[0.379s] Error parsing '/home/nvidia/wheeltec_imu_ws/src/fdilink_ahrs/package.xml':
[0.408s] Traceback (most recent call last):
[0.408s]   File "/opt/ros/humble/share/ament_cmake_core/cmake/core/package_xml_2_cmake.py", line 150, in <module>
[0.408s]     main()
[0.408s]   File "/opt/ros/humble/share/ament_cmake_core/cmake/core/package_xml_2_cmake.py", line 53, in main
[0.408s]     raise e
[0.408s]   File "/opt/ros/humble/share/ament_cmake_core/cmake/core/package_xml_2_cmake.py", line 49, in main
[0.408s]     package = parse_package_string(
[0.408s]   File "/usr/lib/python3/dist-packages/catkin_pkg/package.py", line 786, in parse_package_string
[0.408s]     raise InvalidPackage('Error(s):%s' % (''.join(['\n- %s' % e for e in errors])), filename)
[0.408s] catkin_pkg.package.InvalidPackage: Error(s) in package '/home/nvidia/wheeltec_imu_ws/src/fdilink_ahrs/package.xml':
[0.408s] Error(s):
[0.408s] - The generic dependency on 'rclcpp' is redundant with: build_depend, build_export_depend, exec_depend
[0.408s] - The generic dependency on 'nav_msgs' is redundant with: build_depend, build_export_depend, exec_depend
[0.408s] - The generic dependency on 'geometry_msgs' is redundant with: build_depend, build_export_depend, exec_depend
[0.416s] [31mCMake Error at /opt/ros/humble/share/ament_cmake_core/cmake/core/ament_package_xml.cmake:95 (message):
[0.416s]   execute_process(/usr/bin/python3
[0.416s]   /opt/ros/humble/share/ament_cmake_core/cmake/core/package_xml_2_cmake.py
[0.416s]   /home/nvidia/wheeltec_imu_ws/src/fdilink_ahrs/package.xml
[0.416s]   /home/nvidia/wheeltec_imu_ws/build/fdilink_ahrs/ament_cmake_core/package.cmake)
[0.416s]   returned error code 1
[0.417s] Call Stack (most recent call first):
[0.417s]   /opt/ros/humble/share/ament_cmake_core/cmake/core/ament_package_xml.cmake:49 (_ament_package_xml)
[0.417s]   /opt/ros/humble/share/ament_lint_auto/cmake/ament_lint_auto_find_test_dependencies.cmake:31 (ament_package_xml)
[0.417s]   CMakeLists.txt:64 (ament_lint_auto_find_test_dependencies)
[0.417s] 
[0.417s] [0m
[0.417s] -- Configuring incomplete, errors occurred!
[0.417s] See also "/home/nvidia/wheeltec_imu_ws/build/fdilink_ahrs/CMakeFiles/CMakeOutput.log".
[0.421s] gmake: *** [Makefile:335ï¼šcmake_check_build_system] é”™è¯¯ 1
[0.423s] Invoked command in '/home/nvidia/wheeltec_imu_ws/build/fdilink_ahrs' returned '2': /usr/bin/cmake --build /home/nvidia/wheeltec_imu_ws/build/fdilink_ahrs -- -j20 -l20
