[0.006s] Invoking command in '/home/nvidia/wheeltec_imu_ws/build/fdilink_ahrs': CMAKE_PREFIX_PATH=${CMAKE_PREFIX_PATH}:/opt/ros/humble /usr/bin/cmake --build /home/nvidia/wheeltec_imu_ws/build/fdilink_ahrs -- -j20 -l20
[0.046s] [35m[1mConsolidate compiler generated dependencies of target pose_velocity_printer[0m
[0.056s] [ 14%] [32mBuilding CXX object CMakeFiles/pose_velocity_printer.dir/src/pose_velocity_printer.cpp.o[0m
[0.060s] [ 42%] Built target imu_tf_node
[0.061s] [ 85%] Built target ahrs_driver_node
[0.171s] [01m[K/home/nvidia/wheeltec_imu_ws/src/fdilink_ahrs/src/pose_velocity_printer.cpp:3:10:[m[K [01;31m[Kfatal error: [m[Ktf2/LinearMath/Quaternion.h: æ²¡æœ‰é‚£ä¸ªæ–‡ä»¶æˆ–ç›®å½•
[0.171s]     3 | #include [01;31m[K"tf2/LinearMath/Quaternion.h"[m[K
[0.171s]       |          [01;31m[K^~~~~~~~~~~~~~~~~~~~~~~~~~~~~[m[K
[0.171s] compilation terminated.
[0.173s] gmake[2]: *** [CMakeFiles/pose_velocity_printer.dir/build.make:76ï¼šCMakeFiles/pose_velocity_printer.dir/src/pose_velocity_printer.cpp.o] é”™è¯¯ 1
[0.173s] gmake[1]: *** [CMakeFiles/Makefile2:141ï¼šCMakeFiles/pose_velocity_printer.dir/all] é”™è¯¯ 2
[0.173s] gmake: *** [Makefile:146ï¼šall] é”™è¯¯ 2
[0.175s] Invoked command in '/home/nvidia/wheeltec_imu_ws/build/fdilink_ahrs' returned '2': CMAKE_PREFIX_PATH=${CMAKE_PREFIX_PATH}:/opt/ros/humble /usr/bin/cmake --build /home/nvidia/wheeltec_imu_ws/build/fdilink_ahrs -- -j20 -l20
