[35m[1mConsolidate compiler generated dependencies of target ahrs_driver_node[0m
[ 28%] [32mBuilding CXX object CMakeFiles/pose_velocity_printer.dir/src/pose_velocity_printer.cpp.o[0m
[ 42%] Built target imu_tf_node
[ 85%] Built target ahrs_driver_node
[01m[K/home/nvidia/wheeltec_imu_ws/src/fdilink_ahrs/src/pose_velocity_printer.cpp:3:10:[m[K [01;31m[Kfatal error: [m[Ktf2/LinearMath/Quaternion.h: æ²¡æœ‰é‚£ä¸ªæ–‡ä»¶æˆ–ç›®å½•
    3 | #include [01;31m[K"tf2/LinearMath/Quaternion.h"[m[K
      |          [01;31m[K^~~~~~~~~~~~~~~~~~~~~~~~~~~~~[m[K
compilation terminated.
gmake[2]: *** [CMakeFiles/pose_velocity_printer.dir/build.make:76ï¼šCMakeFiles/pose_velocity_printer.dir/src/pose_velocity_printer.cpp.o] é”™è¯¯ 1
gmake[1]: *** [CMakeFiles/Makefile2:141ï¼šCMakeFiles/pose_velocity_printer.dir/all] é”™è¯¯ 2
gmake: *** [Makefile:146ï¼šall] é”™è¯¯ 2
