[0.007s] Invoking command in '/home/nvidia/5.1-ros2_ws/build/yhs_can_control': CMAKE_PREFIX_PATH=/home/nvidia/5.1-ros2_ws/install/yhs_can_interfaces:/home/nvidia/5.1-ros2_ws/install/yhs_can_control:/home/nvidia/ros2_ws/install/yhs_chassis_description:/home/nvidia/ros2_ws/install/ai_imu_dr_ros:/opt/ros/humble /usr/bin/cmake --build /home/nvidia/5.1-ros2_ws/build/yhs_can_control -- -j20 -l20
[0.038s] [35m[1mConsolidate compiler generated dependencies of target yhs_can_control_node[0m
[0.048s] [ 50%] Built target odom_velocity_filter
[0.051s] [ 75%] [32mBuilding CXX object CMakeFiles/yhs_can_control_node.dir/src/yhs_can_control_node.cpp.o[0m
[1.594s] [01m[K/home/nvidia/5.1-ros2_ws/src/MK-mini-ros2/yhs_can_control/src/yhs_can_control_node.cpp:[m[K In constructor â€˜[01m[Kyhs::CanControl::CanControl(rclcpp::Node::SharedPtr)[m[Kâ€™:
[1.594s] [01m[K/home/nvidia/5.1-ros2_ws/src/MK-mini-ros2/yhs_can_control/src/yhs_can_control_node.cpp:32:19:[m[K [01;31m[Kerror: [m[Kexpected â€˜[01m[K;[m[Kâ€™ before â€˜[01m[K}[m[Kâ€™ token
[1.594s]    32 |                  )
[1.594s]       |                   [01;31m[K^[m[K
[1.594s]       |                   [32m[K;[m[K
[1.594s]    33 |         [32m[K}[m[K
[1.594s]       |         [32m[K~[m[K          
[4.580s] gmake[2]: *** [CMakeFiles/yhs_can_control_node.dir/build.make:76ï¼šCMakeFiles/yhs_can_control_node.dir/src/yhs_can_control_node.cpp.o] é”™è¯¯ 1
[4.580s] gmake[1]: *** [CMakeFiles/Makefile2:139ï¼šCMakeFiles/yhs_can_control_node.dir/all] é”™è¯¯ 2
[4.580s] gmake: *** [Makefile:146ï¼šall] é”™è¯¯ 2
[4.582s] Invoked command in '/home/nvidia/5.1-ros2_ws/build/yhs_can_control' returned '2': CMAKE_PREFIX_PATH=/home/nvidia/5.1-ros2_ws/install/yhs_can_interfaces:/home/nvidia/5.1-ros2_ws/install/yhs_can_control:/home/nvidia/ros2_ws/install/yhs_chassis_description:/home/nvidia/ros2_ws/install/ai_imu_dr_ros:/opt/ros/humble /usr/bin/cmake --build /home/nvidia/5.1-ros2_ws/build/yhs_can_control -- -j20 -l20
