[ 28%] [32m[1mLinking CXX executable imu_tf_node[0m
[ 42%] Built target pose_velocity_printer
[ 85%] Built target ahrs_driver_node
Error running link command: No such file or directory
gmake[2]: *** [CMakeFiles/imu_tf_node.dir/build.make:214ï¼šimu_tf_node] é”™è¯¯ 2
gmake[1]: *** [CMakeFiles/Makefile2:193ï¼šCMakeFiles/imu_tf_node.dir/all] é”™è¯¯ 2
gmake: *** [Makefile:146ï¼šall] é”™è¯¯ 2
