[0.000000] (-) TimerEvent: {}
[0.000213] (-) JobUnselected: {'identifier': 'serial'}
[0.000241] (fdilink_ahrs) JobQueued: {'identifier': 'fdilink_ahrs', 'dependencies': OrderedDict([('serial', '/home/nvidia/wheeltec_imu_ws/install/serial')])}
[0.000424] (fdilink_ahrs) JobStarted: {'identifier': 'fdilink_ahrs'}
[0.006127] (fdilink_ahrs) JobProgress: {'identifier': 'fdilink_ahrs', 'progress': 'cmake'}
[0.006657] (fdilink_ahrs) JobProgress: {'identifier': 'fdilink_ahrs', 'progress': 'build'}
[0.007298] (fdilink_ahrs) Command: {'cmd': ['/usr/bin/cmake', '--build', '/home/nvidia/wheeltec_imu_ws/build/fdilink_ahrs', '--', '-j20', '-l20'], 'cwd': '/home/nvidia/wheeltec_imu_ws/build/fdilink_ahrs', 'env': OrderedDict([('LESSOPEN', '| /usr/bin/lesspipe %s'), ('LANGUAGE', 'zh_CN:en'), ('USER', 'nvidia'), ('LC_TIME', 'en_US.UTF-8'), ('XDG_SESSION_TYPE', 'x11'), ('SHLVL', '1'), ('LD_LIBRARY_PATH', '/home/nvidia/wheeltec_imu_ws/install/serial/lib:/opt/ros/humble/opt/rviz_ogre_vendor/lib:/opt/ros/humble/lib/x86_64-linux-gnu:/opt/ros/humble/lib'), ('HOME', '/home/nvidia'), ('OLDPWD', '/home/nvidia'), ('DESKTOP_SESSION', 'ubuntu'), ('ROS_PYTHON_VERSION', '3'), ('GNOME_SHELL_SESSION_MODE', 'ubuntu'), ('GTK_MODULES', 'gail:atk-bridge'), ('LC_MONETARY', 'en_US.UTF-8'), ('SYSTEMD_EXEC_PID', '1650'), ('DBUS_SESSION_BUS_ADDRESS', 'unix:path=/run/user/1000/bus'), ('COLORTERM', 'truecolor'), ('COLCON_PREFIX_PATH', '/home/nvidia/wheeltec_imu_ws/install'), ('ROS_DISTRO', 'humble'), ('GTK_IM_MODULE', 'ibus'), ('LOGNAME', 'nvidia'), ('_', '/usr/bin/colcon'), ('ROS_VERSION', '2'), ('XDG_SESSION_CLASS', 'user'), ('USERNAME', 'nvidia'), ('TERM', 'xterm-256color'), ('GNOME_DESKTOP_SESSION_ID', 'this-is-deprecated'), ('ROS_LOCALHOST_ONLY', '0'), ('WINDOWPATH', '2'), ('PATH', '/opt/ros/humble/bin:/home/nvidia/.local/bin:/usr/local/sbin:/usr/local/bin:/usr/sbin:/usr/bin:/sbin:/bin:/usr/games:/usr/local/games:/snap/bin:/snap/bin'), ('SESSION_MANAGER', 'local/nvidia-Default-string:@/tmp/.ICE-unix/1461,unix/nvidia-Default-string:/tmp/.ICE-unix/1461'), ('PAPERSIZE', 'letter'), ('XDG_MENU_PREFIX', 'gnome-'), ('LC_ADDRESS', 'en_US.UTF-8'), ('GNOME_TERMINAL_SCREEN', '/org/gnome/Terminal/screen/d2cd079c_306f_4de6_9828_a65b5bfffce9'), ('XDG_RUNTIME_DIR', '/run/user/1000'), ('DISPLAY', ':0'), ('LANG', 'zh_CN.UTF-8'), ('XDG_CURRENT_DESKTOP', 'ubuntu:GNOME'), ('LC_TELEPHONE', 'en_US.UTF-8'), ('XMODIFIERS', '@im=ibus'), ('XDG_SESSION_DESKTOP', 'ubuntu'), ('XAUTHORITY', '/run/user/1000/gdm/Xauthority'), ('LS_COLORS', 'rs=0:di=01;34:ln=01;36:mh=00:pi=40;33:so=01;35:do=01;35:bd=40;33;01:cd=40;33;01:or=40;31;01:mi=00:su=37;41:sg=30;43:ca=30;41:tw=30;42:ow=34;42:st=37;44:ex=01;32:*.tar=01;31:*.tgz=01;31:*.arc=01;31:*.arj=01;31:*.taz=01;31:*.lha=01;31:*.lz4=01;31:*.lzh=01;31:*.lzma=01;31:*.tlz=01;31:*.txz=01;31:*.tzo=01;31:*.t7z=01;31:*.zip=01;31:*.z=01;31:*.dz=01;31:*.gz=01;31:*.lrz=01;31:*.lz=01;31:*.lzo=01;31:*.xz=01;31:*.zst=01;31:*.tzst=01;31:*.bz2=01;31:*.bz=01;31:*.tbz=01;31:*.tbz2=01;31:*.tz=01;31:*.deb=01;31:*.rpm=01;31:*.jar=01;31:*.war=01;31:*.ear=01;31:*.sar=01;31:*.rar=01;31:*.alz=01;31:*.ace=01;31:*.zoo=01;31:*.cpio=01;31:*.7z=01;31:*.rz=01;31:*.cab=01;31:*.wim=01;31:*.swm=01;31:*.dwm=01;31:*.esd=01;31:*.jpg=01;35:*.jpeg=01;35:*.mjpg=01;35:*.mjpeg=01;35:*.gif=01;35:*.bmp=01;35:*.pbm=01;35:*.pgm=01;35:*.ppm=01;35:*.tga=01;35:*.xbm=01;35:*.xpm=01;35:*.tif=01;35:*.tiff=01;35:*.png=01;35:*.svg=01;35:*.svgz=01;35:*.mng=01;35:*.pcx=01;35:*.mov=01;35:*.mpg=01;35:*.mpeg=01;35:*.m2v=01;35:*.mkv=01;35:*.webm=01;35:*.webp=01;35:*.ogm=01;35:*.mp4=01;35:*.m4v=01;35:*.mp4v=01;35:*.vob=01;35:*.qt=01;35:*.nuv=01;35:*.wmv=01;35:*.asf=01;35:*.rm=01;35:*.rmvb=01;35:*.flc=01;35:*.avi=01;35:*.fli=01;35:*.flv=01;35:*.gl=01;35:*.dl=01;35:*.xcf=01;35:*.xwd=01;35:*.yuv=01;35:*.cgm=01;35:*.emf=01;35:*.ogv=01;35:*.ogx=01;35:*.aac=00;36:*.au=00;36:*.flac=00;36:*.m4a=00;36:*.mid=00;36:*.midi=00;36:*.mka=00;36:*.mp3=00;36:*.mpc=00;36:*.ogg=00;36:*.ra=00;36:*.wav=00;36:*.oga=00;36:*.opus=00;36:*.spx=00;36:*.xspf=00;36:'), ('GNOME_TERMINAL_SERVICE', ':1.157'), ('SSH_AGENT_LAUNCHER', 'gnome-keyring'), ('SSH_AUTH_SOCK', '/run/user/1000/keyring/ssh'), ('AMENT_PREFIX_PATH', '/home/nvidia/wheeltec_imu_ws/install/serial:/home/nvidia/wheeltec_imu_ws/install/fdilink_ahrs:/opt/ros/humble'), ('SHELL', '/bin/bash'), ('LC_NAME', 'en_US.UTF-8'), ('QT_ACCESSIBILITY', '1'), ('GDMSESSION', 'ubuntu'), ('LESSCLOSE', '/usr/bin/lesspipe %s %s'), ('LC_MEASUREMENT', 'en_US.UTF-8'), ('GPG_AGENT_INFO', '/run/user/1000/gnupg/S.gpg-agent:0:1'), ('LC_IDENTIFICATION', 'en_US.UTF-8'), ('QT_IM_MODULE', 'ibus'), ('PWD', '/home/nvidia/wheeltec_imu_ws/build/fdilink_ahrs'), ('LC_ALL', 'en_US.UTF-8'), ('XDG_CONFIG_DIRS', '/etc/xdg/xdg-ubuntu:/etc/xdg'), ('XDG_DATA_DIRS', '/usr/share/ubuntu:/usr/share/gnome:/usr/local/share/:/usr/share/:/var/lib/snapd/desktop'), ('PYTHONPATH', '/opt/ros/humble/lib/python3.10/site-packages:/opt/ros/humble/local/lib/python3.10/dist-packages'), ('LC_NUMERIC', 'en_US.UTF-8'), ('LC_PAPER', 'en_US.UTF-8'), ('COLCON', '1'), ('VTE_VERSION', '6800'), ('CMAKE_PREFIX_PATH', '/home/nvidia/wheeltec_imu_ws/install/serial:/home/nvidia/wheeltec_imu_ws/install/fdilink_ahrs')]), 'shell': False}
[0.028976] (fdilink_ahrs) StdoutLine: {'line': b'-- Found rclcpp: 16.0.15 (/opt/ros/humble/share/rclcpp/cmake)\n'}
[0.099969] (-) TimerEvent: {}
[0.134932] (fdilink_ahrs) StdoutLine: {'line': b'-- Found rosidl_generator_c: 3.1.7 (/opt/ros/humble/share/rosidl_generator_c/cmake)\n'}
[0.136358] (fdilink_ahrs) StdoutLine: {'line': b'-- Found rosidl_adapter: 3.1.7 (/opt/ros/humble/share/rosidl_adapter/cmake)\n'}
[0.139836] (fdilink_ahrs) StdoutLine: {'line': b'-- Found rosidl_generator_cpp: 3.1.7 (/opt/ros/humble/share/rosidl_generator_cpp/cmake)\n'}
[0.145471] (fdilink_ahrs) StdoutLine: {'line': b'-- Using all available rosidl_typesupport_c: rosidl_typesupport_fastrtps_c;rosidl_typesupport_introspection_c\n'}
[0.152747] (fdilink_ahrs) StdoutLine: {'line': b'-- Using all available rosidl_typesupport_cpp: rosidl_typesupport_fastrtps_cpp;rosidl_typesupport_introspection_cpp\n'}
[0.172156] (fdilink_ahrs) StdoutLine: {'line': b'-- Found rmw_implementation_cmake: 6.1.2 (/opt/ros/humble/share/rmw_implementation_cmake/cmake)\n'}
[0.172957] (fdilink_ahrs) StdoutLine: {'line': b'-- Found rmw_fastrtps_cpp: 6.2.8 (/opt/ros/humble/share/rmw_fastrtps_cpp/cmake)\n'}
[0.200154] (-) TimerEvent: {}
[0.236113] (fdilink_ahrs) StdoutLine: {'line': b"-- Using RMW implementation 'rmw_fastrtps_cpp' as default\n"}
[0.265525] (fdilink_ahrs) StdoutLine: {'line': b'-- Found nav_msgs: 4.9.0 (/opt/ros/humble/share/nav_msgs/cmake)\n'}
[0.283716] (fdilink_ahrs) StdoutLine: {'line': b'-- Found rclpy: 3.3.17 (/opt/ros/humble/share/rclpy/cmake)\n'}
[0.283825] (fdilink_ahrs) StdoutLine: {'line': b'-- Found sensor_msgs: 4.9.0 (/opt/ros/humble/share/sensor_msgs/cmake)\n'}
[0.293688] (fdilink_ahrs) StdoutLine: {'line': b'-- Found tf2: 0.25.16 (/opt/ros/humble/share/tf2/cmake)\n'}
[0.295931] (fdilink_ahrs) StdoutLine: {'line': b'-- Found tf2_ros: 0.25.16 (/opt/ros/humble/share/tf2_ros/cmake)\n'}
[0.300305] (-) TimerEvent: {}
[0.342391] (fdilink_ahrs) StdoutLine: {'line': b'-- Found serial: 1.2.1 (/home/nvidia/wheeltec_imu_ws/install/serial/share/serial/cmake)\n'}
[0.343713] (fdilink_ahrs) StdoutLine: {'line': b'-- Found tf2_geometry_msgs: 0.25.16 (/opt/ros/humble/share/tf2_geometry_msgs/cmake)\n'}
[0.345526] (fdilink_ahrs) StdoutLine: {'line': b'-- Found eigen3_cmake_module: 0.1.1 (/opt/ros/humble/share/eigen3_cmake_module/cmake)\n'}
[0.346385] (fdilink_ahrs) StdoutLine: {'line': b'-- Ensuring Eigen3 include directory is part of orocos-kdl CMake target\n'}
[0.347217] (fdilink_ahrs) StdoutLine: {'line': b'-- Found ament_lint_auto: 0.12.14 (/opt/ros/humble/share/ament_lint_auto/cmake)\n'}
[0.379594] (fdilink_ahrs) StderrLine: {'line': b"Error parsing '/home/nvidia/wheeltec_imu_ws/src/fdilink_ahrs/package.xml':\n"}
[0.400498] (-) TimerEvent: {}
[0.407855] (fdilink_ahrs) StderrLine: {'line': b'Traceback (most recent call last):\n'}
[0.407988] (fdilink_ahrs) StderrLine: {'line': b'  File "/opt/ros/humble/share/ament_cmake_core/cmake/core/package_xml_2_cmake.py", line 150, in <module>\n'}
[0.408060] (fdilink_ahrs) StderrLine: {'line': b'    main()\n'}
[0.408131] (fdilink_ahrs) StderrLine: {'line': b'  File "/opt/ros/humble/share/ament_cmake_core/cmake/core/package_xml_2_cmake.py", line 53, in main\n'}
[0.408188] (fdilink_ahrs) StderrLine: {'line': b'    raise e\n'}
[0.408242] (fdilink_ahrs) StderrLine: {'line': b'  File "/opt/ros/humble/share/ament_cmake_core/cmake/core/package_xml_2_cmake.py", line 49, in main\n'}
[0.408295] (fdilink_ahrs) StderrLine: {'line': b'    package = parse_package_string(\n'}
[0.408348] (fdilink_ahrs) StderrLine: {'line': b'  File "/usr/lib/python3/dist-packages/catkin_pkg/package.py", line 786, in parse_package_string\n'}
[0.408399] (fdilink_ahrs) StderrLine: {'line': b"    raise InvalidPackage('Error(s):%s' % (''.join(['\\n- %s' % e for e in errors])), filename)\n"}
[0.408452] (fdilink_ahrs) StderrLine: {'line': b"catkin_pkg.package.InvalidPackage: Error(s) in package '/home/nvidia/wheeltec_imu_ws/src/fdilink_ahrs/package.xml':\n"}
[0.408506] (fdilink_ahrs) StderrLine: {'line': b'Error(s):\n'}
[0.408558] (fdilink_ahrs) StderrLine: {'line': b"- The generic dependency on 'rclcpp' is redundant with: build_depend, build_export_depend, exec_depend\n"}
[0.408610] (fdilink_ahrs) StderrLine: {'line': b"- The generic dependency on 'nav_msgs' is redundant with: build_depend, build_export_depend, exec_depend\n"}
[0.408661] (fdilink_ahrs) StderrLine: {'line': b"- The generic dependency on 'geometry_msgs' is redundant with: build_depend, build_export_depend, exec_depend\n"}
[0.416404] (fdilink_ahrs) StderrLine: {'line': b'\x1b[31mCMake Error at /opt/ros/humble/share/ament_cmake_core/cmake/core/ament_package_xml.cmake:95 (message):\n'}
[0.416639] (fdilink_ahrs) StderrLine: {'line': b'  execute_process(/usr/bin/python3\n'}
[0.416721] (fdilink_ahrs) StderrLine: {'line': b'  /opt/ros/humble/share/ament_cmake_core/cmake/core/package_xml_2_cmake.py\n'}
[0.416780] (fdilink_ahrs) StderrLine: {'line': b'  /home/nvidia/wheeltec_imu_ws/src/fdilink_ahrs/package.xml\n'}
[0.416837] (fdilink_ahrs) StderrLine: {'line': b'  /home/nvidia/wheeltec_imu_ws/build/fdilink_ahrs/ament_cmake_core/package.cmake)\n'}
[0.416892] (fdilink_ahrs) StderrLine: {'line': b'  returned error code 1\n'}
[0.416945] (fdilink_ahrs) StderrLine: {'line': b'Call Stack (most recent call first):\n'}
[0.416998] (fdilink_ahrs) StderrLine: {'line': b'  /opt/ros/humble/share/ament_cmake_core/cmake/core/ament_package_xml.cmake:49 (_ament_package_xml)\n'}
[0.417051] (fdilink_ahrs) StderrLine: {'line': b'  /opt/ros/humble/share/ament_lint_auto/cmake/ament_lint_auto_find_test_dependencies.cmake:31 (ament_package_xml)\n'}
[0.417114] (fdilink_ahrs) StderrLine: {'line': b'  CMakeLists.txt:64 (ament_lint_auto_find_test_dependencies)\n'}
[0.417167] (fdilink_ahrs) StderrLine: {'line': b'\n'}
[0.417218] (fdilink_ahrs) StderrLine: {'line': b'\x1b[0m\n'}
[0.417270] (fdilink_ahrs) StdoutLine: {'line': b'-- Configuring incomplete, errors occurred!\n'}
[0.417327] (fdilink_ahrs) StdoutLine: {'line': b'See also "/home/nvidia/wheeltec_imu_ws/build/fdilink_ahrs/CMakeFiles/CMakeOutput.log".\n'}
[0.421661] (fdilink_ahrs) StderrLine: {'line': b'gmake: *** [Makefile:335\xef\xbc\x9acmake_check_build_system] \xe9\x94\x99\xe8\xaf\xaf 1\n'}
[0.423176] (fdilink_ahrs) CommandEnded: {'returncode': 2}
[0.423493] (fdilink_ahrs) JobEnded: {'identifier': 'fdilink_ahrs', 'rc': 2}
[0.433520] (-) EventReactorShutdown: {}
